Using pre-set license

 COMMAND LINE ARGUMENTS:
/Applications/Unity/Hub/Editor/2020.3.12f1/Unity.app/Contents/MacOS/Unity
-adb2
-batchMode
-noUpm
-name
AssetImportWorker0
-projectPath
/Users/albert/Documents/lurk/mirror-prototype
-logFile
Logs/AssetImportWorker0.log
-srvPort
62322
Successfully changed project path to: /Users/albert/Documents/lurk/mirror-prototype
/Users/albert/Documents/lurk/mirror-prototype
Using Asset Import Pipeline V2.
Refreshing native plugins compatible for Editor in 31.38 ms, found 2 plugins.
Preloading 0 native plugins for Editor in 0.00 ms.
Initialize engine version: 2020.3.12f1 (b3b2c6512326)
[Subsystems] Discovering subsystems at path /Applications/Unity/Hub/Editor/2020.3.12f1/Unity.app/Contents/Resources/UnitySubsystems
[Subsystems] Discovering subsystems at path /Users/albert/Documents/lurk/mirror-prototype/Assets
GfxDevice: creating device client; threaded=0
2021-09-09 11:09:24.922 Unity[45569:4180338] Color LCD preferred device: Intel(R) Iris(TM) Plus Graphics 655 (low power)
2021-09-09 11:09:24.922 Unity[45569:4180338] Metal devices available: 1
2021-09-09 11:09:24.922 Unity[45569:4180338] 0: Intel(R) Iris(TM) Plus Graphics 655 (low power)
2021-09-09 11:09:24.922 Unity[45569:4180338] Using device Intel(R) Iris(TM) Plus Graphics 655 (low power)
Initializing Metal device caps: Intel(R) Iris(TM) Plus Graphics 655
Initialize mono
Mono path[0] = '/Applications/Unity/Hub/Editor/2020.3.12f1/Unity.app/Contents/Managed'
Mono path[1] = '/Applications/Unity/Hub/Editor/2020.3.12f1/Unity.app/Contents/MonoBleedingEdge/lib/mono/unityjit'
Mono config path = '/Applications/Unity/Hub/Editor/2020.3.12f1/Unity.app/Contents/MonoBleedingEdge/etc'
Using monoOptions --debugger-agent=transport=dt_socket,embedding=1,server=y,suspend=n,address=127.0.0.1:56569
Begin MonoManager ReloadAssembly
Registering precompiled unity dll's ...
Register platform support module: /Applications/Unity/Hub/Editor/2020.3.12f1/PlaybackEngines/WebGLSupport/UnityEditor.WebGL.Extensions.dll
Register platform support module: /Applications/Unity/Hub/Editor/2020.3.12f1/Unity.app/Contents/PlaybackEngines/MacStandaloneSupport/UnityEditor.OSXStandalone.Extensions.dll
Registered in 0.000709 seconds.
Native extension for OSXStandalone target not found
Native extension for WebGL target not found
Refreshing native plugins compatible for Editor in 32.11 ms, found 2 plugins.
Preloading 0 native plugins for Editor in 0.00 ms.
Mono: successfully reloaded assembly
- Completed reload, in  2.141 seconds
Platform modules already initialized, skipping
Registering precompiled user dll's ...
Registered in 0.004412 seconds.
Begin MonoManager ReloadAssembly
Native extension for OSXStandalone target not found
Native extension for WebGL target not found
Refreshing native plugins compatible for Editor in 0.42 ms, found 2 plugins.
Preloading 0 native plugins for Editor in 0.00 ms.
Find all reader and writers took 65 milliseconds
Script Module: UnityEngine.UI.dll
Weave behaviours and messages took66 milliseconds
Find all reader and writers took 37 milliseconds
Script Module: UnityEngine.TestRunner.dll
Weave behaviours and messages took16 milliseconds
Find all reader and writers took 40 milliseconds
Script Module: SimpleWebTransport.dll
Weave behaviours and messages took6 milliseconds
Find all reader and writers took 37 milliseconds
Script Module: Unity.Timeline.dll
Weave behaviours and messages took26 milliseconds
Find all reader and writers took 52 milliseconds
Script Module: Unity.TextMeshPro.dll
Weave behaviours and messages took61 milliseconds
Find all reader and writers took 35 milliseconds
Script Module: Telepathy.dll
Weave behaviours and messages took2 milliseconds
Find all reader and writers took 35 milliseconds
Script Module: Assembly-CSharp.dll
Weave behaviours and messages took0 milliseconds
Find all reader and writers took 35 milliseconds
Script Module: kcp2k.dll
Weave behaviours and messages took4 milliseconds
Find all reader and writers took 40 milliseconds
Script Module: Mirror.Examples.Cloud.GUI.dll
Weave behaviours and messages took2 milliseconds
Find all reader and writers took 40 milliseconds
Script Module: Mirror.Cloud.dll
Weave behaviours and messages took2 milliseconds
Find all reader and writers took 63 milliseconds
Script Module: UnityEditor.TestRunner.dll
Weave behaviours and messages took31 milliseconds
Find all reader and writers took 59 milliseconds
Script Module: UnityEditor.UI.dll
Weave behaviours and messages took12 milliseconds
Find all reader and writers took 55 milliseconds
Script Module: ParrelSync.dll
Weave behaviours and messages took2 milliseconds
Find all reader and writers took 39 milliseconds
Script Module: Mirror.CompilerSymbols.dll
Weave behaviours and messages took0 milliseconds
Mono: successfully reloaded assembly
- Completed reload, in  3.162 seconds
Platform modules already initialized, skipping
========================================================================
Worker process is ready to serve import requests
Launching external process: /Applications/Unity/Hub/Editor/2020.3.12f1/Unity.app/Contents/Tools/UnityShaderCompiler
Launched and connected shader compiler UnityShaderCompiler after 0.03 seconds
Refreshing native plugins compatible for Editor in 0.36 ms, found 2 plugins.
Preloading 0 native plugins for Editor in 0.00 ms.
Unloading 1660 Unused Serialized files (Serialized files now loaded: 0)
System memory in use before: 151.7 MB.
System memory in use after: 151.7 MB.

Unloading 24 unused Assets to reduce memory usage. Loaded Objects now: 2088.
Total: 4.129559 ms (FindLiveObjects: 0.340053 ms CreateObjectMapping: 0.135534 ms MarkObjects: 3.551716 ms  DeleteObjects: 0.100794 ms)

AssetImportParameters requested are different than current active one (requested -> active):
  custom:video-decoder-ogg-theora: a1e56fd34408186e4bbccfd4996cb3dc -> 
  custom:container-muxer-webm: aa71ff27fc2769a1b78a27578f13a17b -> 
  custom:container-demuxer-webm: 4f35f7cbe854078d1ac9338744f61a02 -> 
  custom:container-demuxer-ogg: 62fdf1f143b41e24485cea50d1cbac27 -> 
  custom:video-encoder-webm-vp8: eb34c28f22e8b96e1ab97ce403110664 -> 
  custom:framework-osx-AVFoundation: e770b220cccbd017edd2c1fefb359320 -> 
  custom:video-decoder-webm-vp8: 9c59270c3fd7afecdb556c50c9e8de78 -> 
  custom:audio-decoder-ogg-vorbis: bf7c407c2cedff20999df2af8eb42d56 -> 
  custom:audio-encoder-webm-vorbis: bf7c407c2cedff20999df2af8eb42d56 -> 
========================================================================
Received Import Request.
  path: Assets/Scenes/Game.unity
  artifactKey: Guid(6c8a84eeb88864b4ab0d80fe46d63447) Importer(815301076,1909f56bfc062723c751e8b465ee728b)
Start importing Assets/Scenes/Game.unity using Guid(6c8a84eeb88864b4ab0d80fe46d63447) Importer(815301076,1909f56bfc062723c751e8b465ee728b)  -> (artifact id: '74e6ba84addcedde2d00d75b83e3e79b') in 0.011647 seconds 
  Import took 0.014396 seconds .

========================================================================
Received Import Request.
  Time since last request: 1685.889552 seconds.
  path: Assets/Scripts/NewNetworkManager.cs
  artifactKey: Guid(7f39513e6f43642779df8cc7d6d3bef6) Importer(815301076,1909f56bfc062723c751e8b465ee728b)
Start importing Assets/Scripts/NewNetworkManager.cs using Guid(7f39513e6f43642779df8cc7d6d3bef6) Importer(815301076,1909f56bfc062723c751e8b465ee728b)  -> (artifact id: '34ca20cbe4bfcecc5843d5401f9defbc') in 0.351472 seconds 
  Import took 0.364354 seconds .

========================================================================
Received Prepare
Registering precompiled user dll's ...
Registered in 0.004677 seconds.
Begin MonoManager ReloadAssembly
Native extension for OSXStandalone target not found
Native extension for WebGL target not found
Refreshing native plugins compatible for Editor in 0.43 ms, found 2 plugins.
Preloading 0 native plugins for Editor in 0.00 ms.
Mono: successfully reloaded assembly
- Completed reload, in  1.328 seconds
Platform modules already initialized, skipping
Refreshing native plugins compatible for Editor in 0.36 ms, found 2 plugins.
Preloading 0 native plugins for Editor in 0.00 ms.
Unloading 1655 Unused Serialized files (Serialized files now loaded: 0)
System memory in use before: 153.4 MB.
System memory in use after: 153.5 MB.

Unloading 19 unused Assets to reduce memory usage. Loaded Objects now: 2091.
Total: 2.197745 ms (FindLiveObjects: 0.253375 ms CreateObjectMapping: 0.062015 ms MarkObjects: 1.798810 ms  DeleteObjects: 0.082286 ms)

AssetImportParameters requested are different than current active one (requested -> active):
  custom:video-decoder-ogg-theora: a1e56fd34408186e4bbccfd4996cb3dc -> 
  custom:container-muxer-webm: aa71ff27fc2769a1b78a27578f13a17b -> 
  custom:container-demuxer-webm: 4f35f7cbe854078d1ac9338744f61a02 -> 
  custom:container-demuxer-ogg: 62fdf1f143b41e24485cea50d1cbac27 -> 
  custom:video-encoder-webm-vp8: eb34c28f22e8b96e1ab97ce403110664 -> 
  custom:framework-osx-AVFoundation: e770b220cccbd017edd2c1fefb359320 -> 
  custom:video-decoder-webm-vp8: 9c59270c3fd7afecdb556c50c9e8de78 -> 
  custom:audio-decoder-ogg-vorbis: bf7c407c2cedff20999df2af8eb42d56 -> 
  custom:audio-encoder-webm-vorbis: bf7c407c2cedff20999df2af8eb42d56 -> 
========================================================================
Received Import Request.
  Time since last request: 351.319194 seconds.
  path: Assets/Scripts/NetworkManagerStartup.cs
  artifactKey: Guid(5ff2086ce12c5499daca09d96bc0d110) Importer(815301076,1909f56bfc062723c751e8b465ee728b)
Start importing Assets/Scripts/NetworkManagerStartup.cs using Guid(5ff2086ce12c5499daca09d96bc0d110) Importer(815301076,1909f56bfc062723c751e8b465ee728b)  -> (artifact id: '000d6f9c9fa369546861eb54459db0e4') in 0.004530 seconds 
  Import took 0.007175 seconds .

========================================================================
Received Import Request.
  Time since last request: 0.001610 seconds.
  path: Assets/Scripts/NetworkManagerStartup.cs
  artifactKey: Guid(5ff2086ce12c5499daca09d96bc0d110) Importer(815301076,1909f56bfc062723c751e8b465ee728b)
Start importing Assets/Scripts/NetworkManagerStartup.cs using Guid(5ff2086ce12c5499daca09d96bc0d110) Importer(815301076,1909f56bfc062723c751e8b465ee728b)  -> (artifact id: '000d6f9c9fa369546861eb54459db0e4') in 0.001182 seconds 
  Import took 0.004079 seconds .

========================================================================
Received Import Request.
  Time since last request: 1.314038 seconds.
  path: Assets/Scripts/MultiSceneNetworkManager.cs
  artifactKey: Guid(776077e2d1dc94742bff63ac6d19d52a) Importer(815301076,1909f56bfc062723c751e8b465ee728b)
Start importing Assets/Scripts/MultiSceneNetworkManager.cs using Guid(776077e2d1dc94742bff63ac6d19d52a) Importer(815301076,1909f56bfc062723c751e8b465ee728b)  -> (artifact id: '6bb56bed74c38e92589f7cf6b598f201') in 0.001660 seconds 
  Import took 0.004798 seconds .

========================================================================
Received Import Request.
  Time since last request: 0.000398 seconds.
  path: Assets/Scripts/MultiSceneNetworkManager.cs
  artifactKey: Guid(776077e2d1dc94742bff63ac6d19d52a) Importer(815301076,1909f56bfc062723c751e8b465ee728b)
Start importing Assets/Scripts/MultiSceneNetworkManager.cs using Guid(776077e2d1dc94742bff63ac6d19d52a) Importer(815301076,1909f56bfc062723c751e8b465ee728b)  -> (artifact id: '6bb56bed74c38e92589f7cf6b598f201') in 0.001243 seconds 
  Import took 0.003979 seconds .

========================================================================
Received Import Request.
  Time since last request: 28.684385 seconds.
  path: Assets/Prefabs/Network/NetworkManager.prefab
  artifactKey: Guid(de3b8c429867544d8a514c3df7d6d05a) Importer(815301076,1909f56bfc062723c751e8b465ee728b)
Start importing Assets/Prefabs/Network/NetworkManager.prefab using Guid(de3b8c429867544d8a514c3df7d6d05a) Importer(815301076,1909f56bfc062723c751e8b465ee728b)  -> (artifact id: '487abdfd20e925f2a195fe0ed32c6c63') in 1.169744 seconds 
  Import took 1.172937 seconds .

